Unity Editor version:    2021.2.8f1 (d0e5f0a7b06a)
Branch:                  2021.2/staging
Build type:              Release
Batch mode:              YES
macOS version:           Version 11.1 (Build 20C69)
Darwin version:          20.2.0
Architecture:            x86_64
Running under Rosetta:   NO
Available memory:        16384 MB
Using pre-set license
Pro License: NO

COMMAND LINE ARGUMENTS:
/Applications/Unity/Hub/Editor/2021.2.8f1/Unity.app/Contents/MacOS/Unity
-adb2
-batchMode
-noUpm
-name
AssetImportWorker0
-projectPath
/Users/dominicbarrett/Documents/NYU-ITP Employment/Fast Fun Spring 2022/Unity Testing/MPGI Example 2 - OSC
-logFile
Logs/AssetImportWorker0.log
-srvPort
52728
Successfully changed project path to: /Users/dominicbarrett/Documents/NYU-ITP Employment/Fast Fun Spring 2022/Unity Testing/MPGI Example 2 - OSC
/Users/dominicbarrett/Documents/NYU-ITP Employment/Fast Fun Spring 2022/Unity Testing/MPGI Example 2 - OSC
[UnityMemory] Configuration Parameters - Can be set up in boot.config
    "memorysetup-bucket-allocator-granularity=16"
    "memorysetup-bucket-allocator-bucket-count=8"
    "memorysetup-bucket-allocator-block-size=33554432"
    "memorysetup-bucket-allocator-block-count=8"
    "memorysetup-main-allocator-block-size=16777216"
    "memorysetup-thread-allocator-block-size=16777216"
    "memorysetup-gfx-main-allocator-block-size=16777216"
    "memorysetup-gfx-thread-allocator-block-size=16777216"
    "memorysetup-cache-allocator-block-size=4194304"
    "memorysetup-typetree-allocator-block-size=2097152"
    "memorysetup-profiler-bucket-allocator-granularity=16"
    "memorysetup-profiler-bucket-allocator-bucket-count=8"
    "memorysetup-profiler-bucket-allocator-block-size=33554432"
    "memorysetup-profiler-bucket-allocator-block-count=8"
    "memorysetup-profiler-allocator-block-size=16777216"
    "memorysetup-profiler-editor-allocator-block-size=1048576"
    "memorysetup-temp-allocator-size-main=16777216"
    "memorysetup-job-temp-allocator-block-size=2097152"
    "memorysetup-job-temp-allocator-block-size-background=1048576"
    "memorysetup-job-temp-allocator-reduction-small-platforms=262144"
    "memorysetup-temp-allocator-size-background-worker=32768"
    "memorysetup-temp-allocator-size-job-worker=262144"
    "memorysetup-temp-allocator-size-preload-manager=33554432"
    "memorysetup-temp-allocator-size-nav-mesh-worker=65536"
    "memorysetup-temp-allocator-size-audio-worker=65536"
    "memorysetup-temp-allocator-size-cloud-worker=32768"
    "memorysetup-temp-allocator-size-gi-baking-worker=262144"
    "memorysetup-temp-allocator-size-gfx=262144"
Refreshing native plugins compatible for Editor in 95.93 ms, found 2 plugins.
Preloading 0 native plugins for Editor in 0.00 ms.
Initialize engine version: 2021.2.8f1 (d0e5f0a7b06a)
[Subsystems] Discovering subsystems at path /Applications/Unity/Hub/Editor/2021.2.8f1/Unity.app/Contents/Resources/UnitySubsystems
[Subsystems] Discovering subsystems at path /Users/dominicbarrett/Documents/NYU-ITP Employment/Fast Fun Spring 2022/Unity Testing/MPGI Example 2 - OSC/Assets
GfxDevice: creating device client; threaded=0; jobified=0
Color LCD preferred device: Intel(R) HD Graphics 530 (low power)
Metal devices available: 2
0: AMD Radeon Pro 460 (high power)
1: Intel(R) HD Graphics 530 (low power)
Using device AMD Radeon Pro 460 (high power)
Initializing Metal device caps: AMD Radeon Pro 460
Initialize mono
Mono path[0] = '/Applications/Unity/Hub/Editor/2021.2.8f1/Unity.app/Contents/Managed'
Mono path[1] = '/Applications/Unity/Hub/Editor/2021.2.8f1/Unity.app/Contents/MonoBleedingEdge/lib/mono/unityjit-macos'
Mono config path = '/Applications/Unity/Hub/Editor/2021.2.8f1/Unity.app/Contents/MonoBleedingEdge/etc'
Using monoOptions --debugger-agent=transport=dt_socket,embedding=1,server=y,suspend=n,address=127.0.0.1:56276
Begin MonoManager ReloadAssembly
Registering precompiled unity dll's ...
Register platform support module: /Applications/Unity/Hub/Editor/2021.2.8f1/PlaybackEngines/WebGLSupport/UnityEditor.WebGL.Extensions.dll
Register platform support module: /Applications/Unity/Hub/Editor/2021.2.8f1/Unity.app/Contents/PlaybackEngines/MacStandaloneSupport/UnityEditor.OSXStandalone.Extensions.dll
Registered in 0.003756 seconds.
Native extension for OSXStandalone target not found
Native extension for WebGL target not found
Refreshing native plugins compatible for Editor in 95.43 ms, found 2 plugins.
Preloading 0 native plugins for Editor in 0.00 ms.
Mono: successfully reloaded assembly
- Completed reload, in  1.152 seconds
Domain Reload Profiling:
	ReloadAssembly (1153ms)
		BeginReloadAssembly (188ms)
			ExecutionOrderSort (0ms)
			DisableScriptedObjects (0ms)
			BackupInstance (0ms)
			ReleaseScriptingObjects (0ms)
			CreateAndSetChildDomain (1ms)
		EndReloadAssembly (840ms)
			LoadAssemblies (189ms)
			RebuildTransferFunctionScriptingTraits (0ms)
			SetupTypeCache (208ms)
			ReleaseScriptCaches (0ms)
			RebuildScriptCaches (63ms)
			SetupLoadedEditorAssemblies (462ms)
				LogAssemblyErrors (0ms)
				InitializePlatformSupportModulesInManaged (30ms)
				SetLoadedEditorAssemblies (0ms)
				RefreshPlugins (95ms)
				BeforeProcessingInitializeOnLoad (2ms)
				ProcessInitializeOnLoadAttributes (259ms)
				ProcessInitializeOnLoadMethodAttributes (74ms)
				AfterProcessingInitializeOnLoad (0ms)
				EditorAssembliesLoaded (0ms)
			ExecutionOrderSort2 (0ms)
			AwakeInstancesAfterBackupRestoration (0ms)
Platform modules already initialized, skipping
Registering precompiled user dll's ...
Registered in 0.011857 seconds.
Begin MonoManager ReloadAssembly
Symbol file LoadedFromMemory doesn't match image /Users/dominicbarrett/Documents/NYU-ITP Employment/Fast Fun Spring 2022/Unity Testing/MPGI Example 2 - OSC/Library/PackageCache/com.unity.visualscripting@1.7.6/Editor/VisualScripting.Core/Dependencies/YamlDotNet/Unity.VisualScripting.YamlDotNet.dll
Symbol file LoadedFromMemory doesn't match image /Users/dominicbarrett/Documents/NYU-ITP Employment/Fast Fun Spring 2022/Unity Testing/MPGI Example 2 - OSC/Library/PackageCache/com.unity.visualscripting@1.7.6/Editor/VisualScripting.Core/Dependencies/DotNetZip/Unity.VisualScripting.IonicZip.dll
Native extension for OSXStandalone target not found
Native extension for WebGL target not found
Refreshing native plugins compatible for Editor in 0.61 ms, found 2 plugins.
Preloading 0 native plugins for Editor in 0.00 ms.
Mono: successfully reloaded assembly
- Completed reload, in  1.787 seconds
Domain Reload Profiling:
	ReloadAssembly (1789ms)
		BeginReloadAssembly (257ms)
			ExecutionOrderSort (0ms)
			DisableScriptedObjects (10ms)
			BackupInstance (0ms)
			ReleaseScriptingObjects (0ms)
			CreateAndSetChildDomain (141ms)
		EndReloadAssembly (1377ms)
			LoadAssemblies (118ms)
			RebuildTransferFunctionScriptingTraits (0ms)
			SetupTypeCache (510ms)
			ReleaseScriptCaches (1ms)
			RebuildScriptCaches (92ms)
			SetupLoadedEditorAssemblies (552ms)
				LogAssemblyErrors (0ms)
				InitializePlatformSupportModulesInManaged (16ms)
				SetLoadedEditorAssemblies (1ms)
				RefreshPlugins (1ms)
				BeforeProcessingInitializeOnLoad (96ms)
				ProcessInitializeOnLoadAttributes (398ms)
				ProcessInitializeOnLoadMethodAttributes (38ms)
				AfterProcessingInitializeOnLoad (3ms)
				EditorAssembliesLoaded (0ms)
			ExecutionOrderSort2 (0ms)
			AwakeInstancesAfterBackupRestoration (7ms)
Platform modules already initialized, skipping
========================================================================
Worker process is ready to serve import requests
Launching external process: /Applications/Unity/Hub/Editor/2021.2.8f1/Unity.app/Contents/Tools/UnityShaderCompiler
Launched and connected shader compiler UnityShaderCompiler after 0.03 seconds
Refreshing native plugins compatible for Editor in 0.58 ms, found 2 plugins.
Preloading 0 native plugins for Editor in 0.00 ms.
Unloading 3106 Unused Serialized files (Serialized files now loaded: 0)
Unloading 23 unused Assets / (51.1 KB). Loaded Objects now: 3566.
Memory consumption went from 207.2 MB to 207.1 MB.
Total: 4.178319 ms (FindLiveObjects: 0.499141 ms CreateObjectMapping: 0.380635 ms MarkObjects: 3.202325 ms  DeleteObjects: 0.094619 ms)

AssetImportParameters requested are different than current active one (requested -> active):
  custom:video-decoder-ogg-theora: a1e56fd34408186e4bbccfd4996cb3dc -> 
  custom:container-muxer-webm: aa71ff27fc2769a1b78a27578f13a17b -> 
  custom:container-demuxer-webm: 4f35f7cbe854078d1ac9338744f61a02 -> 
  custom:video-encoder-webm-vp8: eb34c28f22e8b96e1ab97ce403110664 -> 
  custom:framework-osx-AVFoundation: e770b220cccbd017edd2c1fefb359320 -> 
  custom:audio-encoder-webm-vorbis: bf7c407c2cedff20999df2af8eb42d56 -> 
  custom:container-demuxer-ogg: 62fdf1f143b41e24485cea50d1cbac27 -> 
  custom:video-decoder-webm-vp8: 9c59270c3fd7afecdb556c50c9e8de78 -> 
  custom:audio-decoder-ogg-vorbis: bf7c407c2cedff20999df2af8eb42d56 -> 
========================================================================
Received Import Request.
  Time since last request: 15902.081426 seconds.
  path: Assets/OSC Unity Example.unity
  artifactKey: Guid(d393668d37c894686813b2c4bd2f6249) Importer(815301076,1909f56bfc062723c751e8b465ee728b)
Start importing Assets/OSC Unity Example.unity using Guid(d393668d37c894686813b2c4bd2f6249) Importer(815301076,1909f56bfc062723c751e8b465ee728b)  -> (artifact id: '5bffe688a623e1c30f73bf2d78bc1565') in 0.020476 seconds 
========================================================================
Received Import Request.
  Time since last request: 8.795813 seconds.
  path: Assets/OSC Unity Example 1.unity
  artifactKey: Guid(b390eb2a74f334e24b1a871e4fd44d65) Importer(815301076,1909f56bfc062723c751e8b465ee728b)
Start importing Assets/OSC Unity Example 1.unity using Guid(b390eb2a74f334e24b1a871e4fd44d65) Importer(815301076,1909f56bfc062723c751e8b465ee728b)  -> (artifact id: 'ab9d212972211ff663d3073b723f8c21') in 0.001581 seconds 
========================================================================
Received Import Request.
  Time since last request: 11.746660 seconds.
  path: Assets/OSC Unity Receive.unity
  artifactKey: Guid(b390eb2a74f334e24b1a871e4fd44d65) Importer(815301076,1909f56bfc062723c751e8b465ee728b)
Start importing Assets/OSC Unity Receive.unity using Guid(b390eb2a74f334e24b1a871e4fd44d65) Importer(815301076,1909f56bfc062723c751e8b465ee728b)  -> (artifact id: '61f29ac59b18746ce8e2c44b4cd0ccec') in 0.001709 seconds 
========================================================================
Received Import Request.
  Time since last request: 54.184193 seconds.
  path: Assets/OSC Unity ReceiveSettings.lighting
  artifactKey: Guid(90b61ec8f4830461aae0b1faecd5468d) Importer(815301076,1909f56bfc062723c751e8b465ee728b)
Start importing Assets/OSC Unity ReceiveSettings.lighting using Guid(90b61ec8f4830461aae0b1faecd5468d) Importer(815301076,1909f56bfc062723c751e8b465ee728b) LightingSettings: switching bake backend from 1 to 0.
 -> (artifact id: '8b0bdbe5cb4b89a043128c848da9c0e1') in 1.013396 seconds 
========================================================================
Received Import Request.
  Time since last request: 22.227503 seconds.
  path: Assets/OSC Unity Example 1.unity
  artifactKey: Guid(ab8905423b2e44127bd6118f722ff2be) Importer(815301076,1909f56bfc062723c751e8b465ee728b)
Start importing Assets/OSC Unity Example 1.unity using Guid(ab8905423b2e44127bd6118f722ff2be) Importer(815301076,1909f56bfc062723c751e8b465ee728b)  -> (artifact id: 'a617246e89ac02519cde7632755e642a') in 0.001797 seconds 
========================================================================
Received Import Request.
  Time since last request: 2.880555 seconds.
  path: Assets/OSC Unity Receive.unity
  artifactKey: Guid(b390eb2a74f334e24b1a871e4fd44d65) Importer(815301076,1909f56bfc062723c751e8b465ee728b)
Start importing Assets/OSC Unity Receive.unity using Guid(b390eb2a74f334e24b1a871e4fd44d65) Importer(815301076,1909f56bfc062723c751e8b465ee728b)  -> (artifact id: 'd0037b74acfe79410c27cc3c490e6a94') in 0.006720 seconds 
========================================================================
Received Import Request.
  Time since last request: 11.776892 seconds.
  path: Assets/OSC Unity Send.unity
  artifactKey: Guid(ab8905423b2e44127bd6118f722ff2be) Importer(815301076,1909f56bfc062723c751e8b465ee728b)
Start importing Assets/OSC Unity Send.unity using Guid(ab8905423b2e44127bd6118f722ff2be) Importer(815301076,1909f56bfc062723c751e8b465ee728b)  -> (artifact id: '081a5d6ccdd8f037188769f95572849f') in 0.001701 seconds 
========================================================================
Received Import Request.
  Time since last request: 32.494973 seconds.
  path: Assets/ReceivePosition.cs
  artifactKey: Guid(a5d6351b5b29749028d877d5a667c6ed) Importer(815301076,1909f56bfc062723c751e8b465ee728b)
Start importing Assets/ReceivePosition.cs using Guid(a5d6351b5b29749028d877d5a667c6ed) Importer(815301076,1909f56bfc062723c751e8b465ee728b)  -> (artifact id: 'f5b557838f34631cc622992a60563bd2') in 0.357329 seconds 
